<?xml version="1.0" encoding="UTF-8"?>
<!-- Generated by org.testng.reporters.JUnitXMLReporter -->
<testsuite ignored="0" hostname="94N0PT2" failures="0" tests="4" name="Test1" time="0.495" errors="0" timestamp="2021-06-06T14:15:17 IST">
  <testcase classname="com.tests.SwagLabsTests" name="@BeforeTest LaunchBrowser" time="0.046">
    <failure type="java.lang.IllegalStateException" message="The driver executable does not exist: F:\chromedriver_win32\chromedriver.exe">
      <![CDATA[java.lang.IllegalStateException: The driver executable does not exist: F:\chromedriver_win32\chromedriver.exe
at com.google.common.base.Preconditions.checkState(Preconditions.java:585)
at org.openqa.selenium.remote.service.DriverService.checkExecutable(DriverService.java:146)
at org.openqa.selenium.remote.service.DriverService.findExecutable(DriverService.java:141)
at org.openqa.selenium.chrome.ChromeDriverService.access$000(ChromeDriverService.java:35)
at org.openqa.selenium.chrome.ChromeDriverService$Builder.findDefaultExecutable(ChromeDriverService.java:159)
at org.openqa.selenium.remote.service.DriverService$Builder.build(DriverService.java:355)
at org.openqa.selenium.chrome.ChromeDriverService.createDefaultService(ChromeDriverService.java:94)
at org.openqa.selenium.chrome.ChromeDriver.<init>(ChromeDriver.java:123)
at com.tests.SwagLabsTests.LaunchBrowser(SwagLabsTests.java:23)
... Removed 24 stack frames]]>
    </failure>
  </testcase> <!-- @BeforeTest LaunchBrowser -->
  <testcase classname="com.tests.SwagLabsTests" name="launchApp" time="0.0">
    <skipped/>
  </testcase> <!-- launchApp -->
  <testcase classname="com.tests.SwagLabsTests" name="sort" time="0.0">
    <skipped/>
  </testcase> <!-- sort -->
  <testcase classname="com.tests.SwagLabsTests" name="selectAProduct" time="0.0">
    <skipped/>
  </testcase> <!-- selectAProduct -->
  <testcase classname="com.tests.SwagLabsTests" name="goToAboutPage" time="0.0">
    <skipped/>
  </testcase> <!-- goToAboutPage -->
</testsuite> <!-- Test1 -->
